[INFO] Scanning for projects...
[INFO] 
[INFO] -------------------< pe.edu.perumar:perumar-backend >-------------------
[INFO] Building perumar-backend 0.0.1-SNAPSHOT
[INFO]   from pom.xml
[INFO] --------------------------------[ jar ]---------------------------------
[INFO] 
[INFO] --- resources:3.3.1:resources (default-resources) @ perumar-backend ---
[INFO] Copying 1 resource from src\main\resources to target\classes
[INFO] Copying 0 resource from src\main\resources to target\classes
[INFO] 
[INFO] --- compiler:3.14.0:compile (default-compile) @ perumar-backend ---
[INFO] Nothing to compile - all classes are up to date.
[INFO] 
[INFO] --- resources:3.3.1:testResources (default-testResources) @ perumar-backend ---
[INFO] Copying 1 resource from src\test\resources to target\test-classes
[INFO] 
[INFO] --- compiler:3.14.0:testCompile (default-testCompile) @ perumar-backend ---
[INFO] Nothing to compile - all classes are up to date.
[INFO] 
[INFO] --- surefire:3.2.5:test (default-test) @ perumar-backend ---
[INFO] Using auto detected provider org.apache.maven.surefire.junitplatform.JUnitPlatformProvider
[INFO] 
[INFO] -------------------------------------------------------
[INFO]  T E S T S
[INFO] -------------------------------------------------------
[INFO] Running pe.edu.perumar.perumar_backend.PerumarBackendApplicationTests
Standard Commons Logging discovery in action with spring-jcl: please remove commons-logging.jar from classpath in order to avoid potential conflicts
21:02:16.027 [main] INFO org.springframework.test.context.support.AnnotationConfigContextLoaderUtils -- Could not detect default configuration classes for test class [pe.edu.perumar.perumar_backend.PerumarBackendApplicationTests]: PerumarBackendApplicationTests does not declare any static, non-private, non-final, nested classes annotated with @Configuration.
21:02:16.271 [main] INFO org.springframework.boot.test.context.SpringBootTestContextBootstrapper -- Found @SpringBootConfiguration pe.edu.perumar.perumar_backend.PerumarBackendApplication for test class pe.edu.perumar.perumar_backend.PerumarBackendApplicationTests

  .   ____          _            __ _ _
 /\\ / ___'_ __ _ _(_)_ __  __ _ \ \ \ \
( ( )\___ | '_ | '_| | '_ \/ _` | \ \ \ \
 \\/  ___)| |_)| | | | | || (_| |  ) ) ) )
  '  |____| .__|_| |_|_| |_\__, | / / / /
 =========|_|==============|___/=/_/_/_/

 :: Spring Boot ::                (v3.5.4)

2025-08-13T21:02:17.148-05:00  INFO 17016 --- [perumar-backend] [           main] p.e.p.p.PerumarBackendApplicationTests   : Starting PerumarBackendApplicationTests using Java 17.0.15 with PID 17016 (started by Rodrigo in D:\PAPA\aplicaciones\PERUMAR\perumar-webflux\perumar-backend)
2025-08-13T21:02:17.150-05:00  INFO 17016 --- [perumar-backend] [           main] p.e.p.p.PerumarBackendApplicationTests   : No active profile set, falling back to 1 default profile: "default"
2025-08-13T21:02:26.406-05:00  INFO 17016 --- [perumar-backend] [           main] o.s.b.a.e.web.EndpointLinksResolver      : Exposing 1 endpoint beneath base path '/actuator'
2025-08-13T21:02:27.139-05:00  INFO 17016 --- [perumar-backend] [           main] p.e.p.p.PerumarBackendApplicationTests   : Started PerumarBackendApplicationTests in 10.548 seconds (process running for 12.45)
[INFO] Tests run: 1, Failures: 0, Errors: 0, Skipped: 0, Time elapsed: 12.95 s -- in pe.edu.perumar.perumar_backend.PerumarBackendApplicationTests
[INFO] Running pe.edu.perumar.perumar_backend.service.CarreraServiceTest
[INFO] Tests run: 5, Failures: 0, Errors: 0, Skipped: 0, Time elapsed: 0.876 s -- in pe.edu.perumar.perumar_backend.service.CarreraServiceTest
[INFO] Running pe.edu.perumar.perumar_backend.service.CicloServiceTest
[INFO] Tests run: 2, Failures: 0, Errors: 0, Skipped: 0, Time elapsed: 0.326 s -- in pe.edu.perumar.perumar_backend.service.CicloServiceTest
[INFO] Running pe.edu.perumar.perumar_backend.service.MateriaServiceTest
[INFO] Tests run: 4, Failures: 0, Errors: 0, Skipped: 0, Time elapsed: 0.049 s -- in pe.edu.perumar.perumar_backend.service.MateriaServiceTest
[INFO] 
[INFO] Results:
[INFO] 
[INFO] Tests run: 12, Failures: 0, Errors: 0, Skipped: 0
[INFO] 
[INFO] 
[INFO] --- jar:3.4.2:jar (default-jar) @ perumar-backend ---
[INFO] Building jar: D:\PAPA\aplicaciones\PERUMAR\perumar-webflux\perumar-backend\target\perumar-backend-0.0.1-SNAPSHOT.jar
[INFO] 
[INFO] --- spring-boot:3.5.4:repackage (repackage) @ perumar-backend ---
[INFO] Replacing main artifact D:\PAPA\aplicaciones\PERUMAR\perumar-webflux\perumar-backend\target\perumar-backend-0.0.1-SNAPSHOT.jar with repackaged archive, adding nested dependencies in BOOT-INF/.
[INFO] The original artifact has been renamed to D:\PAPA\aplicaciones\PERUMAR\perumar-webflux\perumar-backend\target\perumar-backend-0.0.1-SNAPSHOT.jar.original
[INFO] 
[INFO] --- failsafe:3.2.5:integration-test (default) @ perumar-backend ---
[INFO] Using auto detected provider org.apache.maven.surefire.junitplatform.JUnitPlatformProvider
[INFO] 
[INFO] -------------------------------------------------------
[INFO]  T E S T S
[INFO] -------------------------------------------------------
[INFO] Running pe.edu.perumar.perumar_backend.controller.CarreraControllerIT
Standard Commons Logging discovery in action with spring-jcl: please remove commons-logging.jar from classpath in order to avoid potential conflicts
21:02:36.259 [main] INFO org.springframework.test.context.support.AnnotationConfigContextLoaderUtils -- Could not detect default configuration classes for test class [pe.edu.perumar.perumar_backend.controller.CarreraControllerIT]: CarreraControllerIT does not declare any static, non-private, non-final, nested classes annotated with @Configuration.
21:02:36.623 [main] INFO org.springframework.boot.test.context.SpringBootTestContextBootstrapper -- Found @SpringBootConfiguration pe.edu.perumar.perumar_backend.PerumarBackendApplication for test class pe.edu.perumar.perumar_backend.controller.CarreraControllerIT

  .   ____          _            __ _ _
 /\\ / ___'_ __ _ _(_)_ __  __ _ \ \ \ \
( ( )\___ | '_ | '_| | '_ \/ _` | \ \ \ \
 \\/  ___)| |_)| | | | | || (_| |  ) ) ) )
  '  |____| .__|_| |_|_| |_\__, | / / / /
 =========|_|==============|___/=/_/_/_/

 :: Spring Boot ::                (v3.5.4)

2025-08-13T21:02:37.479-05:00  INFO 13436 --- [perumar-backend] [           main] p.e.p.p.controller.CarreraControllerIT   : Starting CarreraControllerIT using Java 17.0.15 with PID 13436 (started by Rodrigo in D:\PAPA\aplicaciones\PERUMAR\perumar-webflux\perumar-backend)
2025-08-13T21:02:37.482-05:00  INFO 13436 --- [perumar-backend] [           main] p.e.p.p.controller.CarreraControllerIT   : No active profile set, falling back to 1 default profile: "default"
2025-08-13T21:02:47.516-05:00  INFO 13436 --- [perumar-backend] [           main] o.s.b.a.e.web.EndpointLinksResolver      : Exposing 1 endpoint beneath base path '/actuator'
2025-08-13T21:02:48.698-05:00  INFO 13436 --- [perumar-backend] [           main] o.s.b.web.embedded.netty.NettyWebServer  : Netty started on port 58769 (http)
2025-08-13T21:02:48.721-05:00  INFO 13436 --- [perumar-backend] [           main] p.e.p.p.controller.CarreraControllerIT   : Started CarreraControllerIT in 11.79 seconds (process running for 13.897)
[INFO] Tests run: 4, Failures: 0, Errors: 0, Skipped: 0, Time elapsed: 14.93 s -- in pe.edu.perumar.perumar_backend.controller.CarreraControllerIT
[INFO] Running pe.edu.perumar.perumar_backend.controller.CicloControllerIT
2025-08-13T21:02:50.931-05:00  INFO 13436 --- [perumar-backend] [           main] t.c.s.AnnotationConfigContextLoaderUtils : Could not detect default configuration classes for test class [pe.edu.perumar.perumar_backend.controller.CicloControllerIT]: CicloControllerIT does not declare any static, non-private, non-final, nested classes annotated with @Configuration.
2025-08-13T21:02:50.941-05:00  INFO 13436 --- [perumar-backend] [           main] .b.t.c.SpringBootTestContextBootstrapper : Found @SpringBootConfiguration pe.edu.perumar.perumar_backend.PerumarBackendApplication for test class pe.edu.perumar.perumar_backend.controller.CicloControllerIT

  .   ____          _            __ _ _
 /\\ / ___'_ __ _ _(_)_ __  __ _ \ \ \ \
( ( )\___ | '_ | '_| | '_ \/ _` | \ \ \ \
 \\/  ___)| |_)| | | | | || (_| |  ) ) ) )
  '  |____| .__|_| |_|_| |_\__, | / / / /
 =========|_|==============|___/=/_/_/_/

 :: Spring Boot ::                (v3.5.4)

2025-08-13T21:02:51.003-05:00  INFO 13436 --- [perumar-backend] [           main] p.e.p.p.controller.CicloControllerIT     : Starting CicloControllerIT using Java 17.0.15 with PID 13436 (started by Rodrigo in D:\PAPA\aplicaciones\PERUMAR\perumar-webflux\perumar-backend)
2025-08-13T21:02:51.004-05:00  INFO 13436 --- [perumar-backend] [           main] p.e.p.p.controller.CicloControllerIT     : No active profile set, falling back to 1 default profile: "default"
2025-08-13T21:02:52.805-05:00  INFO 13436 --- [perumar-backend] [           main] o.s.b.a.e.web.EndpointLinksResolver      : Exposing 1 endpoint beneath base path '/actuator'
2025-08-13T21:02:53.002-05:00  INFO 13436 --- [perumar-backend] [           main] o.s.b.web.embedded.netty.NettyWebServer  : Netty started on port 58773 (http)
2025-08-13T21:02:53.023-05:00  INFO 13436 --- [perumar-backend] [           main] p.e.p.p.controller.CicloControllerIT     : Started CicloControllerIT in 2.068 seconds (process running for 18.198)
[INFO] Tests run: 4, Failures: 0, Errors: 0, Skipped: 0, Time elapsed: 2.359 s -- in pe.edu.perumar.perumar_backend.controller.CicloControllerIT
[INFO] Running pe.edu.perumar.perumar_backend.controller.MateriaControllerIT
2025-08-13T21:02:53.314-05:00  INFO 13436 --- [perumar-backend] [           main] t.c.s.AnnotationConfigContextLoaderUtils : Could not detect default configuration classes for test class [pe.edu.perumar.perumar_backend.controller.MateriaControllerIT]: MateriaControllerIT does not declare any static, non-private, non-final, nested classes annotated with @Configuration.
2025-08-13T21:02:53.320-05:00  INFO 13436 --- [perumar-backend] [           main] .b.t.c.SpringBootTestContextBootstrapper : Found @SpringBootConfiguration pe.edu.perumar.perumar_backend.PerumarBackendApplication for test class pe.edu.perumar.perumar_backend.controller.MateriaControllerIT

  .   ____          _            __ _ _
 /\\ / ___'_ __ _ _(_)_ __  __ _ \ \ \ \
( ( )\___ | '_ | '_| | '_ \/ _` | \ \ \ \
 \\/  ___)| |_)| | | | | || (_| |  ) ) ) )
  '  |____| .__|_| |_|_| |_\__, | / / / /
 =========|_|==============|___/=/_/_/_/

 :: Spring Boot ::                (v3.5.4)

2025-08-13T21:02:53.435-05:00  INFO 13436 --- [perumar-backend] [           main] p.e.p.p.controller.MateriaControllerIT   : Starting MateriaControllerIT using Java 17.0.15 with PID 13436 (started by Rodrigo in D:\PAPA\aplicaciones\PERUMAR\perumar-webflux\perumar-backend)
2025-08-13T21:02:53.437-05:00  INFO 13436 --- [perumar-backend] [           main] p.e.p.p.controller.MateriaControllerIT   : No active profile set, falling back to 1 default profile: "default"
2025-08-13T21:02:54.817-05:00  INFO 13436 --- [perumar-backend] [           main] o.s.b.a.e.web.EndpointLinksResolver      : Exposing 1 endpoint beneath base path '/actuator'
2025-08-13T21:02:55.071-05:00  INFO 13436 --- [perumar-backend] [           main] o.s.b.web.embedded.netty.NettyWebServer  : Netty started on port 58774 (http)
2025-08-13T21:02:55.083-05:00  INFO 13436 --- [perumar-backend] [           main] p.e.p.p.controller.MateriaControllerIT   : Started MateriaControllerIT in 1.724 seconds (process running for 20.259)
[INFO] Tests run: 4, Failures: 0, Errors: 0, Skipped: 0, Time elapsed: 1.933 s -- in pe.edu.perumar.perumar_backend.controller.MateriaControllerIT
[INFO] 
[INFO] Results:
[INFO] 
[INFO] Tests run: 12, Failures: 0, Errors: 0, Skipped: 0
[INFO] 
[INFO] 
[INFO] --- failsafe:3.2.5:verify (default) @ perumar-backend ---
[INFO] ------------------------------------------------------------------------
[INFO] BUILD SUCCESS
[INFO] ------------------------------------------------------------------------
[INFO] Total time:  53.812 s
[INFO] Finished at: 2025-08-13T21:03:03-05:00
[INFO] ------------------------------------------------------------------------
